<?xml version="1.0" encoding="UTF-8"?>
<!-- Generated by org.testng.reporters.JUnitReportReporter -->
<testsuite skipped="0" hostname="MEHMETTOSUN" name="mehmet.project.BaseTest" tests="1" failures="0" timestamp="11 Sep 2019 11:16:33 GMT" time="3.853" errors="0">
  <testcase name="Login" time="3.853" classname="mehmet.project.BaseTest"/>
</testsuite> <!-- mehmet.project.BaseTest -->
