<?xml version="1.0" encoding="UTF-8"?>
<!-- Generated by org.testng.reporters.JUnitReportReporter -->
<testsuite skipped="0" hostname="MEHMET_TOSUN" name="mehmet.project.HomePageTest" tests="1" failures="0" timestamp="10 Dec 2020 01:17:43 GMT" time="230.000" errors="0">
  <testcase name="UserLoginCase" time="230.000" classname="mehmet.project.HomePageTest"/>
</testsuite> <!-- mehmet.project.HomePageTest -->
