<?xml version="1.0" encoding="UTF-8"?>
<!-- Generated by org.testng.reporters.JUnitReportReporter -->
<testsuite skipped="0" hostname="MEHMETTOSUN" name="mehmet.project.HomePageTest" tests="4" failures="0" timestamp="12 Sep 2019 02:32:56 GMT" time="2.150" errors="0">
  <testcase name="invalidUserandPass" time="0.890" classname="mehmet.project.HomePageTest"/>
  <testcase name="validUserandInvalidPass" time="0.394" classname="mehmet.project.HomePageTest"/>
  <testcase name="invalidUserandvalidPass" time="0.442" classname="mehmet.project.HomePageTest"/>
  <testcase name="validUserandPass" time="0.424" classname="mehmet.project.HomePageTest"/>
</testsuite> <!-- mehmet.project.HomePageTest -->
